<?xml version="1.0" encoding="UTF-8"?>
<!-- Generated by org.testng.reporters.JUnitXMLReporter -->
<testsuite ignored="5" hostname="DESKTOP-8QEHR8B" failures="0" tests="1" name="Default test(failed)" time="0.099" errors="0" timestamp="2022-08-18T14:20:23 IST">
  <testcase classname="Testpages.FailedTestCase" name="TC4" time="0.025"/>
  <testcase classname="Testpages.FailedTestCase" name="TC6" time="0.0">
    <ignored/>
  </testcase> <!-- TC6 -->
  <testcase classname="Testpages.FailedTestCase" name="TC5" time="0.0">
    <ignored/>
  </testcase> <!-- TC5 -->
  <testcase classname="Testpages.FailedTestCase" name="TC2" time="0.0">
    <ignored/>
  </testcase> <!-- TC2 -->
  <testcase classname="Testpages.FailedTestCase" name="TC1" time="0.0">
    <ignored/>
  </testcase> <!-- TC1 -->
  <testcase classname="Testpages.FailedTestCase" name="TC3" time="0.0">
    <ignored/>
  </testcase> <!-- TC3 -->
</testsuite> <!-- Default test(failed) -->
