<?xml version="1.0" encoding="UTF-8"?>
<!-- Generated by org.testng.reporters.JUnitXMLReporter -->
<testsuite ignored="0" hostname="DESKTOP-8QEHR8B" failures="0" tests="5" name="Default test" time="0.122" errors="0" timestamp="2022-09-02T12:33:26 IST">
  <testcase classname="Testpages.Priority" name="TC4" time="0.02"/>
  <testcase classname="Testpages.Priority" name="TC5" time="0.002"/>
  <testcase classname="Testpages.Priority" name="TC3" time="0.003"/>
  <testcase classname="Testpages.Priority" name="TC2" time="0.003"/>
  <testcase classname="Testpages.Priority" name="TC1" time="0.004"/>
</testsuite> <!-- Default test -->
