<?xml version="1.0" encoding="UTF-8"?>
<!-- Generated by org.testng.reporters.JUnitXMLReporter -->
<testsuite ignored="2" hostname="DESKTOP-8QEHR8B" failures="0" tests="2" name="Test(failed)(failed)" time="15.821" errors="0" timestamp="2022-08-18T14:15:18 IST">
  <testcase classname="Testpages.parallelTest" name="openKite" time="13.111"/>
  <testcase classname="Testpages.parallelTest" name="openFB" time="15.688"/>
  <testcase classname="Testpages.parallelTest" name="openRediff" time="0.0">
    <ignored/>
  </testcase> <!-- openRediff -->
  <testcase classname="Testpages.parallelTest" name="openGoogle" time="0.0">
    <ignored/>
  </testcase> <!-- openGoogle -->
</testsuite> <!-- Test(failed)(failed) -->
