<?xml version="1.0" encoding="UTF-8"?>
<!-- Generated by org.testng.reporters.JUnitXMLReporter -->
<testsuite ignored="0" hostname="DESKTOP-8QEHR8B" failures="0" tests="4" name="Test" time="75.452" errors="0" timestamp="2022-08-18T14:09:12 IST">
  <testcase classname="Testpages.parallelTest" name="openGoogle" time="21.871"/>
  <testcase classname="Testpages.parallelTest" name="openKite" time="34.903"/>
  <testcase classname="Testpages.parallelTest" name="openFB" time="57.478"/>
  <testcase classname="Testpages.parallelTest" name="openRediff" time="75.339"/>
</testsuite> <!-- Test -->
