<?xml version="1.0" encoding="UTF-8"?>
<testng-results ignored="0" total="5" passed="5" failed="0" skipped="0">
  <reporter-output>
    <line>
      <![CDATA[Running TC4]]>
    </line>
    <line>
      <![CDATA[Running TC5]]>
    </line>
    <line>
      <![CDATA[Running TC3]]>
    </line>
    <line>
      <![CDATA[Running TC2]]>
    </line>
    <line>
      <![CDATA[Running TC1]]>
    </line>
  </reporter-output>
  <suite started-at="2022-09-02T12:33:25 IST" name="Default suite" finished-at="2022-09-02T12:33:26 IST" duration-ms="122">
    <groups>
    </groups>
    <test started-at="2022-09-02T12:33:25 IST" name="Default test" finished-at="2022-09-02T12:33:26 IST" duration-ms="122">
      <class name="Testpages.Priority">
        <test-method signature="TC4()[pri:-7, instance:Testpages.Priority@6d4e5011]" started-at="2022-09-02T12:33:26 IST" name="TC4" finished-at="2022-09-02T12:33:26 IST" duration-ms="20" status="PASS">
          <reporter-output>
            <line>
              <![CDATA[Running TC4]]>
            </line>
          </reporter-output>
        </test-method> <!-- TC4 -->
        <test-method signature="TC5()[pri:-3, instance:Testpages.Priority@6d4e5011]" started-at="2022-09-02T12:33:26 IST" name="TC5" finished-at="2022-09-02T12:33:26 IST" duration-ms="2" status="PASS">
          <reporter-output>
            <line>
              <![CDATA[Running TC5]]>
            </line>
          </reporter-output>
        </test-method> <!-- TC5 -->
        <test-method signature="TC3()[pri:0, instance:Testpages.Priority@6d4e5011]" started-at="2022-09-02T12:33:26 IST" name="TC3" finished-at="2022-09-02T12:33:26 IST" duration-ms="3" status="PASS">
          <reporter-output>
            <line>
              <![CDATA[Running TC3]]>
            </line>
          </reporter-output>
        </test-method> <!-- TC3 -->
        <test-method signature="TC2()[pri:1, instance:Testpages.Priority@6d4e5011]" started-at="2022-09-02T12:33:26 IST" name="TC2" finished-at="2022-09-02T12:33:26 IST" duration-ms="3" status="PASS">
          <reporter-output>
            <line>
              <![CDATA[Running TC2]]>
            </line>
          </reporter-output>
        </test-method> <!-- TC2 -->
        <test-method signature="TC1()[pri:2, instance:Testpages.Priority@6d4e5011]" started-at="2022-09-02T12:33:26 IST" name="TC1" finished-at="2022-09-02T12:33:26 IST" duration-ms="4" status="PASS">
          <reporter-output>
            <line>
              <![CDATA[Running TC1]]>
            </line>
          </reporter-output>
        </test-method> <!-- TC1 -->
      </class> <!-- Testpages.Priority -->
    </test> <!-- Default test -->
  </suite> <!-- Default suite -->
</testng-results>
