<?xml version="1.0" encoding="UTF-8"?>
<!-- Generated by org.testng.reporters.JUnitReportReporter -->
<testsuite hostname="DESKTOP-8QEHR8B" failures="0" tests="3" name="Testpages.DashboardPageTest" time="50.049" errors="0" timestamp="2022-08-15T09:29:47 IST" skipped="0">
  <testcase classname="Testpages.DashboardPageTest" name="verifyEmailIdLabel1Test" time="13.203"/>
  <testcase classname="Testpages.DashboardPageTest" name="verifyuseridLabelTest" time="17.273"/>
  <testcase classname="Testpages.DashboardPageTest" name="verifynicknameTest" time="19.573"/>
</testsuite> <!-- Testpages.DashboardPageTest -->
