<?xml version="1.0" encoding="UTF-8"?>
<!-- Generated by org.testng.reporters.JUnitReportReporter -->
<testsuite hostname="DESKTOP-8QEHR8B" failures="0" tests="4" name="Testpages.practiceB" time="0.032" errors="0" timestamp="2022-08-16T17:41:47 IST" skipped="0">
  <testcase classname="Testpages.practiceB" name="TC0" time="0.032"/>
  <testcase classname="Testpages.practiceB" name="TC3" time="0.000"/>
  <testcase classname="Testpages.practiceB" name="TC1" time="0.000"/>
  <testcase classname="Testpages.practiceB" name="TC2" time="0.000"/>
</testsuite> <!-- Testpages.practiceB -->
