<?xml version="1.0" encoding="UTF-8"?>
<!-- Generated by org.testng.reporters.JUnitReportReporter -->
<testsuite hostname="DESKTOP-8QEHR8B" failures="0" tests="4" name="Testpages.LoginPageTest" time="53.567" errors="1" timestamp="2022-08-18T15:23:36 IST" skipped="1">
  <testcase classname="Testpages.LoginPageTest" name="verifyKiteLogoTest" time="24.447">
    <error message="Method Testpages.LoginPageTest.verifyKiteLogoTest() didn&#039;t finish within the time-out 100" type="org.testng.internal.thread.ThreadTimeoutException">
      <![CDATA[org.testng.internal.thread.ThreadTimeoutException: Method Testpages.LoginPageTest.verifyKiteLogoTest() didn't finish within the time-out 100
at java.base@11.0.15.1/java.io.WinNTFileSystem.getBooleanAttributes(Native Method)
at java.base@11.0.15.1/java.io.File.exists(File.java:831)
at java.base@11.0.15.1/jdk.internal.loader.URLClassPath$FileLoader.getResource(URLClassPath.java:1258)
at java.base@11.0.15.1/jdk.internal.loader.URLClassPath.getResource(URLClassPath.java:315)
at java.base@11.0.15.1/jdk.internal.loader.BuiltinClassLoader.findClassOnClassPathOrNull(BuiltinClassLoader.java:695)
at java.base@11.0.15.1/jdk.internal.loader.BuiltinClassLoader.loadClassOrNull(BuiltinClassLoader.java:621)
at java.base@11.0.15.1/jdk.internal.loader.BuiltinClassLoader.loadClass(BuiltinClassLoader.java:579)
at java.base@11.0.15.1/jdk.internal.loader.ClassLoaders$AppClassLoader.loadClass(ClassLoaders.java:178)
at java.base@11.0.15.1/java.lang.ClassLoader.loadClass(ClassLoader.java:521)
at app//com.google.common.io.ByteSource.read(ByteSource.java:280)
at app//com.google.common.io.ByteSource$AsCharSource.read(ByteSource.java:472)
at app//com.google.common.io.Resources.toString(Resources.java:109)
at app//org.openqa.selenium.remote.codec.w3c.W3CHttpCommandCodec.executeAtom(W3CHttpCommandCodec.java:421)
at app//org.openqa.selenium.remote.codec.w3c.W3CHttpCommandCodec.amendParameters(W3CHttpCommandCodec.java:305)
at app//org.openqa.selenium.remote.codec.AbstractHttpCommandCodec.encode(AbstractHttpCommandCodec.java:252)
at app//org.openqa.selenium.remote.codec.AbstractHttpCommandCodec.encode(AbstractHttpCommandCodec.java:127)
at app//org.openqa.selenium.remote.HttpCommandExecutor.execute(HttpCommandExecutor.java:172)
at app//org.openqa.selenium.remote.service.DriverCommandExecutor.invokeExecute(DriverCommandExecutor.java:164)
at app//org.openqa.selenium.remote.service.DriverCommandExecutor.execute(DriverCommandExecutor.java:139)
at app//org.openqa.selenium.remote.RemoteWebDriver.execute(RemoteWebDriver.java:559)
at app//org.openqa.selenium.remote.RemoteWebElement.execute(RemoteWebElement.java:251)
at app//org.openqa.selenium.remote.RemoteWebElement.isDisplayed(RemoteWebElement.java:307)
at java.base@11.0.15.1/jdk.internal.reflect.NativeMethodAccessorImpl.invoke0(Native Method)
at java.base@11.0.15.1/jdk.internal.reflect.NativeMethodAccessorImpl.invoke(NativeMethodAccessorImpl.java:62)
at java.base@11.0.15.1/jdk.internal.reflect.DelegatingMethodAccessorImpl.invoke(DelegatingMethodAccessorImpl.java:43)
at java.base@11.0.15.1/java.lang.reflect.Method.invoke(Method.java:566)
at app//org.openqa.selenium.support.pagefactory.internal.LocatingElementHandler.invoke(LocatingElementHandler.java:52)
at app//com.sun.proxy.$Proxy16.isDisplayed(Unknown Source)
at app//Pages.LoginPage.verifyKiteLogo(LoginPage.java:62)
at app//Testpages.LoginPageTest.verifyKiteLogoTest(LoginPageTest.java:33)
at java.base@11.0.15.1/jdk.internal.reflect.NativeMethodAccessorImpl.invoke0(Native Method)
at java.base@11.0.15.1/jdk.internal.reflect.NativeMethodAccessorImpl.invoke(NativeMethodAccessorImpl.java:62)
at java.base@11.0.15.1/jdk.internal.reflect.DelegatingMethodAccessorImpl.invoke(DelegatingMethodAccessorImpl.java:43)
at java.base@11.0.15.1/java.lang.reflect.Method.invoke(Method.java:566)
at app//org.testng.internal.MethodInvocationHelper.invokeMethod(MethodInvocationHelper.java:133)
at app//org.testng.internal.InvokeMethodRunnable.runOne(InvokeMethodRunnable.java:51)
at app//org.testng.internal.InvokeMethodRunnable.run(InvokeMethodRunnable.java:41)
at java.base@11.0.15.1/java.util.concurrent.Executors$RunnableAdapter.call(Executors.java:515)
at java.base@11.0.15.1/java.util.concurrent.FutureTask.run(FutureTask.java:264)
at java.base@11.0.15.1/java.util.concurrent.ThreadPoolExecutor.runWorker(ThreadPoolExecutor.java:1128)
at java.base@11.0.15.1/java.util.concurrent.ThreadPoolExecutor$Worker.run(ThreadPoolExecutor.java:628)
at java.base@11.0.15.1/java.lang.Thread.run(Thread.java:834)
]]>
    </error>
  </testcase> <!-- verifyKiteLogoTest -->
  <testcase classname="Testpages.LoginPageTest" name="LoginZerodhaAppTest" time="20.547"/>
  <testcase classname="Testpages.LoginPageTest" name="verifyTitleTest" time="8.467">
    <skipped/>
  </testcase> <!-- verifyTitleTest -->
  <testcase classname="Testpages.LoginPageTest" name="verifyKiteLableTest" time="0.106"/>
</testsuite> <!-- Testpages.LoginPageTest -->
